<?xml version='1.0' encoding='UTF-8' ?>
<testsuite name="com.azrael.qrlector.ExampleInstrumentedTest" tests="1" failures="0" errors="0" skipped="0" time="0.89" timestamp="2025-02-09T14:10:45" hostname="localhost">
  <properties>
    <property name="device" value="Pixel_9_Pro_XL_API_35(AVD) - 15" />
    <property name="flavor" value="" />
    <property name="project" value=":app" />
  </properties>
  <testcase name="useAppContext" classname="com.azrael.qrlector.ExampleInstrumentedTest" time="0.011" />
</testsuite>